<?xml version="1.0" encoding="UTF-8"?>
<!-- Generated by org.testng.reporters.JUnitReportReporter -->
<testsuite skipped="0" hostname="EVT03080NB" name="selenium.PetClinicSeleniumTest" tests="2" failures="0" timestamp="09 Kas 2021 12:25:25 GMT" time="0.674" errors="0">
  <testcase name="startUp" time="0.214" classname="selenium.PetClinicSeleniumTest"/>
  <testcase name="clickSearch" time="0.460" classname="selenium.PetClinicSeleniumTest"/>
</testsuite> <!-- selenium.PetClinicSeleniumTest -->
