<?xml version="1.0" encoding="UTF-8"?>
<!-- Generated by org.testng.reporters.JUnitReportReporter -->
<testsuite skipped="0" hostname="EVT03080NB" name="cucumber.PetClinicCucumberTest" tests="1" failures="0" timestamp="10 Kas 2021 08:24:57 GMT" time="3.650" errors="0">
  <testcase name="runScenario" time="3.650" classname="cucumber.PetClinicCucumberTest"/>
</testsuite> <!-- cucumber.PetClinicCucumberTest -->
