<?xml version="1.0" encoding="UTF-8"?>
<!-- Generated by org.testng.reporters.JUnitReportReporter -->
<testsuite skipped="0" hostname="EVT03080NB" name="selenium.PetClinicTestRunner" tests="1" failures="0" timestamp="09 Kas 2021 11:15:14 GMT" time="5.729" errors="0">
  <testcase name="startUp" time="5.729" classname="selenium.PetClinicTestRunner"/>
</testsuite> <!-- selenium.PetClinicTestRunner -->
